2015-05-26 12:34:50,075 DEBUG: User is not logged in! [in server.py:72]
2015-05-26 12:35:09,637 DEBUG: User is not logged in! [in server.py:72]
2015-05-26 12:35:20,970 DEBUG: in downloadMusic with content : http://www-mmsp.ece.mcgill.ca/documents/audioformats/wave/Samples/AFsp/M1F1-Alaw-AFsp.wav [in server.py:100]
2015-05-26 12:35:20,971 DEBUG: Music file name: M1F1-Alaw-AFsp.wav [in server.py:104]
2015-05-26 12:35:20,971 DEBUG: Music file path: static/music_files/M1F1-Alaw-AFsp.wav [in server.py:107]
2015-05-26 12:35:20,972 DEBUG: Error downloading the music file: 'module' object has no attribute 'PROXIES' [in server.py:112]
2015-05-26 12:35:20,972 DEBUG: 'module' object has no attribute 'PROXIES' [in server.py:113]
2015-05-26 12:35:23,295 DEBUG: in downloadMusic with content : http://www-mmsp.ece.mcgill.ca/documents/audioformats/wave/Samples/AFsp/M1F1-Alaw-AFsp.wav [in server.py:100]
2015-05-26 12:35:23,296 DEBUG: Music file name: M1F1-Alaw-AFsp.wav [in server.py:104]
2015-05-26 12:35:23,296 DEBUG: Music file path: static/music_files/M1F1-Alaw-AFsp.wav [in server.py:107]
2015-05-26 12:35:23,296 DEBUG: Error downloading the music file: 'module' object has no attribute 'PROXIES' [in server.py:112]
2015-05-26 12:35:23,297 DEBUG: 'module' object has no attribute 'PROXIES' [in server.py:113]
2015-05-26 12:35:29,192 DEBUG: in downloadMusic with content : http://www-mmsp.ece.mcgill.ca/documents/audioformats/wave/Samples/AFsp/M1F1-Alaw-AFsp.wav [in server.py:100]
2015-05-26 12:35:29,192 DEBUG: Music file name: M1F1-Alaw-AFsp.wav [in server.py:104]
2015-05-26 12:35:29,192 DEBUG: Music file path: static/music_files/M1F1-Alaw-AFsp.wav [in server.py:107]
2015-05-26 12:35:29,193 DEBUG: Error downloading the music file: 'module' object has no attribute 'PROXIES' [in server.py:112]
2015-05-26 12:35:29,193 DEBUG: 'module' object has no attribute 'PROXIES' [in server.py:113]
2015-05-26 12:39:14,095 DEBUG: User is not logged in! [in server.py:72]
2015-05-26 12:39:51,173 DEBUG: in downloadMusic with content : http://www-mmsp.ece.mcgill.ca/documents/audioformats/wave/Samples/AFsp/M1F1-Alaw-AFsp.wav [in server.py:100]
2015-05-26 12:39:51,176 DEBUG: Music file name: M1F1-Alaw-AFsp.wav [in server.py:104]
2015-05-26 12:39:51,177 DEBUG: Music file path: static/music_files/M1F1-Alaw-AFsp.wav [in server.py:107]
2015-05-26 12:39:51,177 DEBUG: Error downloading the music file: 'module' object has no attribute 'PROXIES' [in server.py:112]
2015-05-26 12:39:51,178 DEBUG: 'module' object has no attribute 'PROXIES' [in server.py:113]
